[2026.01.29-20:50:46] AbstractNavData: 1
[2026.01.29-20:50:46] Actor: 12
[2026.01.29-20:50:46] BP_Background_C: 1
[2026.01.29-20:50:46] BP_DestroyZone_C: 4
[2026.01.29-20:50:46] BP_EnemyActor_C: 5
[2026.01.29-20:50:46] BP_EnemyBullet_C: 16
[2026.01.29-20:50:46] BP_EnemyManager_C: 1
[2026.01.29-20:50:46] BP_MoveZone_C: 4
[2026.01.29-20:50:46] BP_PlayerBullet_C: 10
[2026.01.29-20:50:46] BP_PlayerPawn_C: 1
[2026.01.29-20:50:46] BP_ShootingGameMode_C: 1
[2026.01.29-20:50:46] Brush: 1
[2026.01.29-20:50:46] CameraActor: 1
[2026.01.29-20:50:46] DefaultPhysicsVolume: 1
[2026.01.29-20:50:46] DirectionalLight: 1
[2026.01.29-20:50:46] GameMap_C: 1
[2026.01.29-20:50:46] GameNetworkManager: 1
[2026.01.29-20:50:46] GameplayDebuggerCategoryReplicator: 1
[2026.01.29-20:50:46] GameplayDebuggerPlayerManager: 1
[2026.01.29-20:50:46] GameSession: 1
[2026.01.29-20:50:46] GameStateBase: 1
[2026.01.29-20:50:46] HUD: 1
[2026.01.29-20:50:46] ParticleEventManager: 1
[2026.01.29-20:50:46] PlayerCameraManager: 1
[2026.01.29-20:50:46] PlayerController: 1
[2026.01.29-20:50:46] PlayerStart: 1
[2026.01.29-20:50:46] PlayerState: 1
[2026.01.29-20:50:46] WorldSettings: 1
[2026.01.29-20:50:51] AbstractNavData: 1
[2026.01.29-20:50:51] Actor: 12
[2026.01.29-20:50:51] BP_Background_C: 1
[2026.01.29-20:50:51] BP_DestroyZone_C: 4
[2026.01.29-20:50:51] BP_EnemyActor_C: 2
[2026.01.29-20:50:51] BP_EnemyBullet_C: 31
[2026.01.29-20:50:51] BP_EnemyManager_C: 1
[2026.01.29-20:50:51] BP_MoveZone_C: 4
[2026.01.29-20:50:51] BP_PlayerBullet_C: 10
[2026.01.29-20:50:51] BP_PlayerPawn_C: 1
[2026.01.29-20:50:51] BP_ShootingGameMode_C: 1
[2026.01.29-20:50:51] Brush: 1
[2026.01.29-20:50:51] CameraActor: 1
[2026.01.29-20:50:51] DefaultPhysicsVolume: 1
[2026.01.29-20:50:51] DirectionalLight: 1
[2026.01.29-20:50:51] GameMap_C: 1
[2026.01.29-20:50:51] GameNetworkManager: 1
[2026.01.29-20:50:51] GameplayDebuggerCategoryReplicator: 1
[2026.01.29-20:50:51] GameplayDebuggerPlayerManager: 1
[2026.01.29-20:50:51] GameSession: 1
[2026.01.29-20:50:51] GameStateBase: 1
[2026.01.29-20:50:51] HUD: 1
[2026.01.29-20:50:51] ParticleEventManager: 1
[2026.01.29-20:50:51] PlayerCameraManager: 1
[2026.01.29-20:50:51] PlayerController: 1
[2026.01.29-20:50:51] PlayerStart: 1
[2026.01.29-20:50:51] PlayerState: 1
[2026.01.29-20:50:51] WorldSettings: 1
[2026.01.29-20:50:56] AbstractNavData: 1
[2026.01.29-20:50:56] Actor: 12
[2026.01.29-20:50:56] BP_Background_C: 1
[2026.01.29-20:50:56] BP_DestroyZone_C: 4
[2026.01.29-20:50:56] BP_EnemyActor_C: 5
[2026.01.29-20:50:56] BP_EnemyBullet_C: 41
[2026.01.29-20:50:56] BP_EnemyManager_C: 1
[2026.01.29-20:50:56] BP_MoveZone_C: 4
[2026.01.29-20:50:56] BP_PlayerBullet_C: 10
[2026.01.29-20:50:56] BP_PlayerPawn_C: 1
[2026.01.29-20:50:56] BP_ShootingGameMode_C: 1
[2026.01.29-20:50:56] Brush: 1
[2026.01.29-20:50:56] CameraActor: 1
[2026.01.29-20:50:56] DefaultPhysicsVolume: 1
[2026.01.29-20:50:56] DirectionalLight: 1
[2026.01.29-20:50:56] GameMap_C: 1
[2026.01.29-20:50:56] GameNetworkManager: 1
[2026.01.29-20:50:56] GameplayDebuggerCategoryReplicator: 1
[2026.01.29-20:50:56] GameplayDebuggerPlayerManager: 1
[2026.01.29-20:50:56] GameSession: 1
[2026.01.29-20:50:56] GameStateBase: 1
[2026.01.29-20:50:56] HUD: 1
[2026.01.29-20:50:56] ParticleEventManager: 1
[2026.01.29-20:50:56] PlayerCameraManager: 1
[2026.01.29-20:50:56] PlayerController: 1
[2026.01.29-20:50:56] PlayerStart: 1
[2026.01.29-20:50:56] PlayerState: 1
[2026.01.29-20:50:56] WorldSettings: 1
[2026.01.29-20:51:01] AbstractNavData: 1
[2026.01.29-20:51:01] Actor: 12
[2026.01.29-20:51:01] BP_Background_C: 1
[2026.01.29-20:51:01] BP_DestroyZone_C: 4
[2026.01.29-20:51:01] BP_EnemyActor_C: 3
[2026.01.29-20:51:01] BP_EnemyBullet_C: 63
[2026.01.29-20:51:01] BP_EnemyManager_C: 1
[2026.01.29-20:51:01] BP_MoveZone_C: 4
[2026.01.29-20:51:01] BP_PlayerBullet_C: 10
[2026.01.29-20:51:01] BP_PlayerPawn_C: 1
[2026.01.29-20:51:01] BP_ShootingGameMode_C: 1
[2026.01.29-20:51:01] Brush: 1
[2026.01.29-20:51:01] CameraActor: 1
[2026.01.29-20:51:01] DefaultPhysicsVolume: 1
[2026.01.29-20:51:01] DirectionalLight: 1
[2026.01.29-20:51:01] GameMap_C: 1
[2026.01.29-20:51:01] GameNetworkManager: 1
[2026.01.29-20:51:01] GameplayDebuggerCategoryReplicator: 1
[2026.01.29-20:51:01] GameplayDebuggerPlayerManager: 1
[2026.01.29-20:51:01] GameSession: 1
[2026.01.29-20:51:01] GameStateBase: 1
[2026.01.29-20:51:01] HUD: 1
[2026.01.29-20:51:01] ParticleEventManager: 1
[2026.01.29-20:51:01] PlayerCameraManager: 1
[2026.01.29-20:51:01] PlayerController: 1
[2026.01.29-20:51:01] PlayerStart: 1
[2026.01.29-20:51:01] PlayerState: 1
[2026.01.29-20:51:01] WorldSettings: 1
[2026.01.29-20:51:06] AbstractNavData: 1
[2026.01.29-20:51:06] Actor: 12
[2026.01.29-20:51:06] BP_Background_C: 1
[2026.01.29-20:51:06] BP_DestroyZone_C: 4
[2026.01.29-20:51:06] BP_EnemyActor_C: 4
[2026.01.29-20:51:06] BP_EnemyBullet_C: 72
[2026.01.29-20:51:06] BP_EnemyManager_C: 1
[2026.01.29-20:51:06] BP_MoveZone_C: 4
[2026.01.29-20:51:06] BP_PlayerBullet_C: 10
[2026.01.29-20:51:06] BP_PlayerPawn_C: 1
[2026.01.29-20:51:06] BP_ShootingGameMode_C: 1
[2026.01.29-20:51:06] Brush: 1
[2026.01.29-20:51:06] CameraActor: 1
[2026.01.29-20:51:06] DefaultPhysicsVolume: 1
[2026.01.29-20:51:06] DirectionalLight: 1
[2026.01.29-20:51:06] GameMap_C: 1
[2026.01.29-20:51:06] GameNetworkManager: 1
[2026.01.29-20:51:06] GameplayDebuggerCategoryReplicator: 1
[2026.01.29-20:51:06] GameplayDebuggerPlayerManager: 1
[2026.01.29-20:51:06] GameSession: 1
[2026.01.29-20:51:06] GameStateBase: 1
[2026.01.29-20:51:06] HUD: 1
[2026.01.29-20:51:06] ParticleEventManager: 1
[2026.01.29-20:51:06] PlayerCameraManager: 1
[2026.01.29-20:51:06] PlayerController: 1
[2026.01.29-20:51:06] PlayerStart: 1
[2026.01.29-20:51:06] PlayerState: 1
[2026.01.29-20:51:06] WorldSettings: 1
[2026.01.29-20:51:11] AbstractNavData: 1
[2026.01.29-20:51:11] Actor: 12
[2026.01.29-20:51:11] BP_Background_C: 1
[2026.01.29-20:51:11] BP_DestroyZone_C: 4
[2026.01.29-20:51:11] BP_EnemyActor_C: 3
[2026.01.29-20:51:11] BP_EnemyBullet_C: 82
[2026.01.29-20:51:11] BP_EnemyManager_C: 1
[2026.01.29-20:51:11] BP_MoveZone_C: 4
[2026.01.29-20:51:11] BP_PlayerBullet_C: 10
[2026.01.29-20:51:11] BP_PlayerPawn_C: 1
[2026.01.29-20:51:11] BP_ShootingGameMode_C: 1
[2026.01.29-20:51:11] Brush: 1
[2026.01.29-20:51:11] CameraActor: 1
[2026.01.29-20:51:11] DefaultPhysicsVolume: 1
[2026.01.29-20:51:11] DirectionalLight: 1
[2026.01.29-20:51:11] GameMap_C: 1
[2026.01.29-20:51:11] GameNetworkManager: 1
[2026.01.29-20:51:11] GameplayDebuggerCategoryReplicator: 1
[2026.01.29-20:51:11] GameplayDebuggerPlayerManager: 1
[2026.01.29-20:51:11] GameSession: 1
[2026.01.29-20:51:11] GameStateBase: 1
[2026.01.29-20:51:11] HUD: 1
[2026.01.29-20:51:11] ParticleEventManager: 1
[2026.01.29-20:51:11] PlayerCameraManager: 1
[2026.01.29-20:51:11] PlayerController: 1
[2026.01.29-20:51:11] PlayerStart: 1
[2026.01.29-20:51:11] PlayerState: 1
[2026.01.29-20:51:11] WorldSettings: 1
[2026.01.29-20:51:16] AbstractNavData: 1
[2026.01.29-20:51:16] Actor: 12
[2026.01.29-20:51:16] BP_Background_C: 1
[2026.01.29-20:51:16] BP_DestroyZone_C: 4
[2026.01.29-20:51:16] BP_EnemyActor_C: 5
[2026.01.29-20:51:16] BP_EnemyBullet_C: 106
[2026.01.29-20:51:16] BP_EnemyManager_C: 1
[2026.01.29-20:51:16] BP_MoveZone_C: 4
[2026.01.29-20:51:16] BP_PlayerBullet_C: 10
[2026.01.29-20:51:16] BP_PlayerPawn_C: 1
[2026.01.29-20:51:16] BP_ShootingGameMode_C: 1
[2026.01.29-20:51:16] Brush: 1
[2026.01.29-20:51:16] CameraActor: 1
[2026.01.29-20:51:16] DefaultPhysicsVolume: 1
[2026.01.29-20:51:16] DirectionalLight: 1
[2026.01.29-20:51:16] GameMap_C: 1
[2026.01.29-20:51:16] GameNetworkManager: 1
[2026.01.29-20:51:16] GameplayDebuggerCategoryReplicator: 1
[2026.01.29-20:51:16] GameplayDebuggerPlayerManager: 1
[2026.01.29-20:51:16] GameSession: 1
[2026.01.29-20:51:16] GameStateBase: 1
[2026.01.29-20:51:16] HUD: 1
[2026.01.29-20:51:16] ParticleEventManager: 1
[2026.01.29-20:51:16] PlayerCameraManager: 1
[2026.01.29-20:51:16] PlayerController: 1
[2026.01.29-20:51:16] PlayerStart: 1
[2026.01.29-20:51:16] PlayerState: 1
[2026.01.29-20:51:16] WorldSettings: 1
[2026.01.29-20:51:21] AbstractNavData: 1
[2026.01.29-20:51:21] Actor: 12
[2026.01.29-20:51:21] BP_Background_C: 1
[2026.01.29-20:51:21] BP_DestroyZone_C: 4
[2026.01.29-20:51:21] BP_EnemyActor_C: 3
[2026.01.29-20:51:21] BP_EnemyBullet_C: 118
[2026.01.29-20:51:21] BP_EnemyManager_C: 1
[2026.01.29-20:51:21] BP_MoveZone_C: 4
[2026.01.29-20:51:21] BP_PlayerBullet_C: 10
[2026.01.29-20:51:21] BP_PlayerPawn_C: 1
[2026.01.29-20:51:21] BP_ShootingGameMode_C: 1
[2026.01.29-20:51:21] Brush: 1
[2026.01.29-20:51:21] CameraActor: 1
[2026.01.29-20:51:21] DefaultPhysicsVolume: 1
[2026.01.29-20:51:21] DirectionalLight: 1
[2026.01.29-20:51:21] GameMap_C: 1
[2026.01.29-20:51:21] GameNetworkManager: 1
[2026.01.29-20:51:21] GameplayDebuggerCategoryReplicator: 1
[2026.01.29-20:51:21] GameplayDebuggerPlayerManager: 1
[2026.01.29-20:51:21] GameSession: 1
[2026.01.29-20:51:21] GameStateBase: 1
[2026.01.29-20:51:21] HUD: 1
[2026.01.29-20:51:21] ParticleEventManager: 1
[2026.01.29-20:51:21] PlayerCameraManager: 1
[2026.01.29-20:51:21] PlayerController: 1
[2026.01.29-20:51:21] PlayerStart: 1
[2026.01.29-20:51:21] PlayerState: 1
[2026.01.29-20:51:21] WorldSettings: 1
[2026.01.29-20:51:26] AbstractNavData: 1
[2026.01.29-20:51:26] Actor: 12
[2026.01.29-20:51:26] BP_Background_C: 1
[2026.01.29-20:51:26] BP_DestroyZone_C: 4
[2026.01.29-20:51:26] BP_EnemyActor_C: 4
[2026.01.29-20:51:26] BP_EnemyBullet_C: 128
[2026.01.29-20:51:26] BP_EnemyManager_C: 1
[2026.01.29-20:51:26] BP_MoveZone_C: 4
[2026.01.29-20:51:26] BP_PlayerBullet_C: 10
[2026.01.29-20:51:26] BP_PlayerPawn_C: 1
[2026.01.29-20:51:26] BP_ShootingGameMode_C: 1
[2026.01.29-20:51:26] Brush: 1
[2026.01.29-20:51:26] CameraActor: 1
[2026.01.29-20:51:26] DefaultPhysicsVolume: 1
[2026.01.29-20:51:26] DirectionalLight: 1
[2026.01.29-20:51:26] GameMap_C: 1
[2026.01.29-20:51:26] GameNetworkManager: 1
[2026.01.29-20:51:26] GameplayDebuggerCategoryReplicator: 1
[2026.01.29-20:51:26] GameplayDebuggerPlayerManager: 1
[2026.01.29-20:51:26] GameSession: 1
[2026.01.29-20:51:26] GameStateBase: 1
[2026.01.29-20:51:26] HUD: 1
[2026.01.29-20:51:26] ParticleEventManager: 1
[2026.01.29-20:51:26] PlayerCameraManager: 1
[2026.01.29-20:51:26] PlayerController: 1
[2026.01.29-20:51:26] PlayerStart: 1
[2026.01.29-20:51:26] PlayerState: 1
[2026.01.29-20:51:26] WorldSettings: 1
[2026.01.29-20:51:31] AbstractNavData: 1
[2026.01.29-20:51:31] Actor: 12
[2026.01.29-20:51:31] BP_Background_C: 1
[2026.01.29-20:51:31] BP_DestroyZone_C: 4
[2026.01.29-20:51:31] BP_EnemyActor_C: 3
[2026.01.29-20:51:31] BP_EnemyBullet_C: 138
[2026.01.29-20:51:31] BP_EnemyManager_C: 1
[2026.01.29-20:51:31] BP_MoveZone_C: 4
[2026.01.29-20:51:31] BP_PlayerBullet_C: 10
[2026.01.29-20:51:31] BP_PlayerPawn_C: 1
[2026.01.29-20:51:31] BP_ShootingGameMode_C: 1
[2026.01.29-20:51:31] Brush: 1
[2026.01.29-20:51:31] CameraActor: 1
[2026.01.29-20:51:31] DefaultPhysicsVolume: 1
[2026.01.29-20:51:31] DirectionalLight: 1
[2026.01.29-20:51:31] GameMap_C: 1
[2026.01.29-20:51:31] GameNetworkManager: 1
[2026.01.29-20:51:31] GameplayDebuggerCategoryReplicator: 1
[2026.01.29-20:51:31] GameplayDebuggerPlayerManager: 1
[2026.01.29-20:51:31] GameSession: 1
[2026.01.29-20:51:31] GameStateBase: 1
[2026.01.29-20:51:31] HUD: 1
[2026.01.29-20:51:31] ParticleEventManager: 1
[2026.01.29-20:51:31] PlayerCameraManager: 1
[2026.01.29-20:51:31] PlayerController: 1
[2026.01.29-20:51:31] PlayerStart: 1
[2026.01.29-20:51:31] PlayerState: 1
[2026.01.29-20:51:31] WorldSettings: 1
[2026.01.29-20:51:36] AbstractNavData: 1
[2026.01.29-20:51:36] Actor: 12
[2026.01.29-20:51:36] BP_Background_C: 1
[2026.01.29-20:51:36] BP_DestroyZone_C: 4
[2026.01.29-20:51:36] BP_EnemyActor_C: 5
[2026.01.29-20:51:36] BP_EnemyBullet_C: 158
[2026.01.29-20:51:36] BP_EnemyManager_C: 1
[2026.01.29-20:51:36] BP_MoveZone_C: 4
[2026.01.29-20:51:36] BP_PlayerBullet_C: 10
[2026.01.29-20:51:36] BP_PlayerPawn_C: 1
[2026.01.29-20:51:36] BP_ShootingGameMode_C: 1
[2026.01.29-20:51:36] Brush: 1
[2026.01.29-20:51:36] CameraActor: 1
[2026.01.29-20:51:36] DefaultPhysicsVolume: 1
[2026.01.29-20:51:36] DirectionalLight: 1
[2026.01.29-20:51:36] GameMap_C: 1
[2026.01.29-20:51:36] GameNetworkManager: 1
[2026.01.29-20:51:36] GameplayDebuggerCategoryReplicator: 1
[2026.01.29-20:51:36] GameplayDebuggerPlayerManager: 1
[2026.01.29-20:51:36] GameSession: 1
[2026.01.29-20:51:36] GameStateBase: 1
[2026.01.29-20:51:36] HUD: 1
[2026.01.29-20:51:36] ParticleEventManager: 1
[2026.01.29-20:51:36] PlayerCameraManager: 1
[2026.01.29-20:51:36] PlayerController: 1
[2026.01.29-20:51:36] PlayerStart: 1
[2026.01.29-20:51:36] PlayerState: 1
[2026.01.29-20:51:36] WorldSettings: 1
[2026.01.29-20:51:41] AbstractNavData: 1
[2026.01.29-20:51:41] Actor: 12
[2026.01.29-20:51:41] BP_Background_C: 1
[2026.01.29-20:51:41] BP_DestroyZone_C: 4
[2026.01.29-20:51:41] BP_EnemyActor_C: 3
[2026.01.29-20:51:41] BP_EnemyBullet_C: 174
[2026.01.29-20:51:41] BP_EnemyManager_C: 1
[2026.01.29-20:51:41] BP_MoveZone_C: 4
[2026.01.29-20:51:41] BP_PlayerBullet_C: 10
[2026.01.29-20:51:41] BP_PlayerPawn_C: 1
[2026.01.29-20:51:41] BP_ShootingGameMode_C: 1
[2026.01.29-20:51:41] Brush: 1
[2026.01.29-20:51:41] CameraActor: 1
[2026.01.29-20:51:41] DefaultPhysicsVolume: 1
[2026.01.29-20:51:41] DirectionalLight: 1
[2026.01.29-20:51:41] GameMap_C: 1
[2026.01.29-20:51:41] GameNetworkManager: 1
[2026.01.29-20:51:41] GameplayDebuggerCategoryReplicator: 1
[2026.01.29-20:51:41] GameplayDebuggerPlayerManager: 1
[2026.01.29-20:51:41] GameSession: 1
[2026.01.29-20:51:41] GameStateBase: 1
[2026.01.29-20:51:41] HUD: 1
[2026.01.29-20:51:41] ParticleEventManager: 1
[2026.01.29-20:51:41] PlayerCameraManager: 1
[2026.01.29-20:51:41] PlayerController: 1
[2026.01.29-20:51:41] PlayerStart: 1
[2026.01.29-20:51:41] PlayerState: 1
[2026.01.29-20:51:41] WorldSettings: 1
