[2026.01.29-15:30:56] AbstractNavData: 1
[2026.01.29-15:30:56] Actor: 12
[2026.01.29-15:30:56] BP_Background_C: 1
[2026.01.29-15:30:56] BP_DestroyZone_C: 4
[2026.01.29-15:30:56] BP_EnemyActor_C: 2
[2026.01.29-15:30:56] BP_EnemyBullet_C: 8
[2026.01.29-15:30:56] BP_EnemyManager_C: 1
[2026.01.29-15:30:56] BP_MoveZone_C: 4
[2026.01.29-15:30:56] BP_PlayerBullet_C: 17
[2026.01.29-15:30:56] BP_PlayerPawn_C: 1
[2026.01.29-15:30:56] BP_ShootingGameMode_C: 1
[2026.01.29-15:30:56] Brush: 1
[2026.01.29-15:30:56] CameraActor: 1
[2026.01.29-15:30:56] DefaultPhysicsVolume: 1
[2026.01.29-15:30:56] DirectionalLight: 1
[2026.01.29-15:30:56] GameMap_C: 1
[2026.01.29-15:30:56] GameNetworkManager: 1
[2026.01.29-15:30:56] GameplayDebuggerCategoryReplicator: 1
[2026.01.29-15:30:56] GameplayDebuggerPlayerManager: 1
[2026.01.29-15:30:56] GameSession: 1
[2026.01.29-15:30:56] GameStateBase: 1
[2026.01.29-15:30:56] HUD: 1
[2026.01.29-15:30:56] ParticleEventManager: 1
[2026.01.29-15:30:56] PlayerCameraManager: 1
[2026.01.29-15:30:56] PlayerController: 1
[2026.01.29-15:30:56] PlayerStart: 1
[2026.01.29-15:30:56] PlayerState: 1
[2026.01.29-15:30:56] WorldSettings: 1
[2026.01.29-15:31:01] AbstractNavData: 1
[2026.01.29-15:31:01] Actor: 12
[2026.01.29-15:31:01] BP_Background_C: 1
[2026.01.29-15:31:01] BP_DestroyZone_C: 4
[2026.01.29-15:31:01] BP_EnemyActor_C: 2
[2026.01.29-15:31:01] BP_EnemyBullet_C: 24
[2026.01.29-15:31:01] BP_EnemyManager_C: 1
[2026.01.29-15:31:01] BP_MoveZone_C: 4
[2026.01.29-15:31:01] BP_PlayerBullet_C: 17
[2026.01.29-15:31:01] BP_PlayerPawn_C: 1
[2026.01.29-15:31:01] BP_ShootingGameMode_C: 1
[2026.01.29-15:31:01] Brush: 1
[2026.01.29-15:31:01] CameraActor: 1
[2026.01.29-15:31:01] DefaultPhysicsVolume: 1
[2026.01.29-15:31:01] DirectionalLight: 1
[2026.01.29-15:31:01] GameMap_C: 1
[2026.01.29-15:31:01] GameNetworkManager: 1
[2026.01.29-15:31:01] GameplayDebuggerCategoryReplicator: 1
[2026.01.29-15:31:01] GameplayDebuggerPlayerManager: 1
[2026.01.29-15:31:01] GameSession: 1
[2026.01.29-15:31:01] GameStateBase: 1
[2026.01.29-15:31:01] HUD: 1
[2026.01.29-15:31:01] ParticleEventManager: 1
[2026.01.29-15:31:01] PlayerCameraManager: 1
[2026.01.29-15:31:01] PlayerController: 1
[2026.01.29-15:31:01] PlayerStart: 1
[2026.01.29-15:31:01] PlayerState: 1
[2026.01.29-15:31:01] WorldSettings: 1
[2026.01.29-15:31:06] AbstractNavData: 1
[2026.01.29-15:31:06] Actor: 12
[2026.01.29-15:31:06] BP_Background_C: 1
[2026.01.29-15:31:06] BP_DestroyZone_C: 4
[2026.01.29-15:31:06] BP_EnemyActor_C: 2
[2026.01.29-15:31:06] BP_EnemyBullet_C: 29
[2026.01.29-15:31:06] BP_EnemyManager_C: 1
[2026.01.29-15:31:06] BP_MoveZone_C: 4
[2026.01.29-15:31:06] BP_PlayerBullet_C: 17
[2026.01.29-15:31:06] BP_PlayerPawn_C: 1
[2026.01.29-15:31:06] BP_ShootingGameMode_C: 1
[2026.01.29-15:31:06] Brush: 1
[2026.01.29-15:31:06] CameraActor: 1
[2026.01.29-15:31:06] DefaultPhysicsVolume: 1
[2026.01.29-15:31:06] DirectionalLight: 1
[2026.01.29-15:31:06] GameMap_C: 1
[2026.01.29-15:31:06] GameNetworkManager: 1
[2026.01.29-15:31:06] GameplayDebuggerCategoryReplicator: 1
[2026.01.29-15:31:06] GameplayDebuggerPlayerManager: 1
[2026.01.29-15:31:06] GameSession: 1
[2026.01.29-15:31:06] GameStateBase: 1
[2026.01.29-15:31:06] HUD: 1
[2026.01.29-15:31:06] ParticleEventManager: 1
[2026.01.29-15:31:06] PlayerCameraManager: 1
[2026.01.29-15:31:06] PlayerController: 1
[2026.01.29-15:31:06] PlayerStart: 1
[2026.01.29-15:31:06] PlayerState: 1
[2026.01.29-15:31:06] WorldSettings: 1
[2026.01.29-15:31:11] AbstractNavData: 1
[2026.01.29-15:31:11] Actor: 12
[2026.01.29-15:31:11] BP_Background_C: 1
[2026.01.29-15:31:11] BP_DestroyZone_C: 4
[2026.01.29-15:31:11] BP_EnemyActor_C: 2
[2026.01.29-15:31:11] BP_EnemyBullet_C: 38
[2026.01.29-15:31:11] BP_EnemyManager_C: 1
[2026.01.29-15:31:11] BP_MoveZone_C: 4
[2026.01.29-15:31:11] BP_PlayerBullet_C: 17
[2026.01.29-15:31:11] BP_PlayerPawn_C: 1
[2026.01.29-15:31:11] BP_ShootingGameMode_C: 1
[2026.01.29-15:31:11] Brush: 1
[2026.01.29-15:31:11] CameraActor: 1
[2026.01.29-15:31:11] DefaultPhysicsVolume: 1
[2026.01.29-15:31:11] DirectionalLight: 1
[2026.01.29-15:31:11] GameMap_C: 1
[2026.01.29-15:31:11] GameNetworkManager: 1
[2026.01.29-15:31:11] GameplayDebuggerCategoryReplicator: 1
[2026.01.29-15:31:11] GameplayDebuggerPlayerManager: 1
[2026.01.29-15:31:11] GameSession: 1
[2026.01.29-15:31:11] GameStateBase: 1
[2026.01.29-15:31:11] HUD: 1
[2026.01.29-15:31:11] ParticleEventManager: 1
[2026.01.29-15:31:11] PlayerCameraManager: 1
[2026.01.29-15:31:11] PlayerController: 1
[2026.01.29-15:31:11] PlayerStart: 1
[2026.01.29-15:31:11] PlayerState: 1
[2026.01.29-15:31:11] WorldSettings: 1
[2026.01.29-15:31:16] AbstractNavData: 1
[2026.01.29-15:31:16] Actor: 12
[2026.01.29-15:31:16] BP_Background_C: 1
[2026.01.29-15:31:16] BP_DestroyZone_C: 4
[2026.01.29-15:31:16] BP_EnemyActor_C: 3
[2026.01.29-15:31:16] BP_EnemyBullet_C: 46
[2026.01.29-15:31:16] BP_EnemyManager_C: 1
[2026.01.29-15:31:16] BP_MoveZone_C: 4
[2026.01.29-15:31:16] BP_PlayerBullet_C: 17
[2026.01.29-15:31:16] BP_PlayerPawn_C: 1
[2026.01.29-15:31:16] BP_ShootingGameMode_C: 1
[2026.01.29-15:31:16] Brush: 1
[2026.01.29-15:31:16] CameraActor: 1
[2026.01.29-15:31:16] DefaultPhysicsVolume: 1
[2026.01.29-15:31:16] DirectionalLight: 1
[2026.01.29-15:31:16] GameMap_C: 1
[2026.01.29-15:31:16] GameNetworkManager: 1
[2026.01.29-15:31:16] GameplayDebuggerCategoryReplicator: 1
[2026.01.29-15:31:16] GameplayDebuggerPlayerManager: 1
[2026.01.29-15:31:16] GameSession: 1
[2026.01.29-15:31:16] GameStateBase: 1
[2026.01.29-15:31:16] HUD: 1
[2026.01.29-15:31:16] ParticleEventManager: 1
[2026.01.29-15:31:16] PlayerCameraManager: 1
[2026.01.29-15:31:16] PlayerController: 1
[2026.01.29-15:31:16] PlayerStart: 1
[2026.01.29-15:31:16] PlayerState: 1
[2026.01.29-15:31:16] WorldSettings: 1
[2026.01.29-15:31:21] AbstractNavData: 1
[2026.01.29-15:31:21] Actor: 12
[2026.01.29-15:31:21] BP_Background_C: 1
[2026.01.29-15:31:21] BP_DestroyZone_C: 4
[2026.01.29-15:31:21] BP_EnemyActor_C: 2
[2026.01.29-15:31:21] BP_EnemyBullet_C: 52
[2026.01.29-15:31:21] BP_EnemyManager_C: 1
[2026.01.29-15:31:21] BP_MoveZone_C: 4
[2026.01.29-15:31:21] BP_PlayerBullet_C: 17
[2026.01.29-15:31:21] BP_PlayerPawn_C: 1
[2026.01.29-15:31:21] BP_ShootingGameMode_C: 1
[2026.01.29-15:31:21] Brush: 1
[2026.01.29-15:31:21] CameraActor: 1
[2026.01.29-15:31:21] DefaultPhysicsVolume: 1
[2026.01.29-15:31:21] DirectionalLight: 1
[2026.01.29-15:31:21] GameMap_C: 1
[2026.01.29-15:31:21] GameNetworkManager: 1
[2026.01.29-15:31:21] GameplayDebuggerCategoryReplicator: 1
[2026.01.29-15:31:21] GameplayDebuggerPlayerManager: 1
[2026.01.29-15:31:21] GameSession: 1
[2026.01.29-15:31:21] GameStateBase: 1
[2026.01.29-15:31:21] HUD: 1
[2026.01.29-15:31:21] ParticleEventManager: 1
[2026.01.29-15:31:21] PlayerCameraManager: 1
[2026.01.29-15:31:21] PlayerController: 1
[2026.01.29-15:31:21] PlayerStart: 1
[2026.01.29-15:31:21] PlayerState: 1
[2026.01.29-15:31:21] WorldSettings: 1
[2026.01.29-15:31:26] AbstractNavData: 1
[2026.01.29-15:31:26] Actor: 12
[2026.01.29-15:31:26] BP_Background_C: 1
[2026.01.29-15:31:26] BP_DestroyZone_C: 4
[2026.01.29-15:31:26] BP_EnemyActor_C: 2
[2026.01.29-15:31:26] BP_EnemyBullet_C: 60
[2026.01.29-15:31:26] BP_EnemyManager_C: 1
[2026.01.29-15:31:26] BP_MoveZone_C: 4
[2026.01.29-15:31:26] BP_PlayerBullet_C: 18
[2026.01.29-15:31:26] BP_PlayerPawn_C: 1
[2026.01.29-15:31:26] BP_ShootingGameMode_C: 1
[2026.01.29-15:31:26] Brush: 1
[2026.01.29-15:31:26] CameraActor: 1
[2026.01.29-15:31:26] DefaultPhysicsVolume: 1
[2026.01.29-15:31:26] DirectionalLight: 1
[2026.01.29-15:31:26] GameMap_C: 1
[2026.01.29-15:31:26] GameNetworkManager: 1
[2026.01.29-15:31:26] GameplayDebuggerCategoryReplicator: 1
[2026.01.29-15:31:26] GameplayDebuggerPlayerManager: 1
[2026.01.29-15:31:26] GameSession: 1
[2026.01.29-15:31:26] GameStateBase: 1
[2026.01.29-15:31:26] HUD: 1
[2026.01.29-15:31:26] ParticleEventManager: 1
[2026.01.29-15:31:26] PlayerCameraManager: 1
[2026.01.29-15:31:26] PlayerController: 1
[2026.01.29-15:31:26] PlayerStart: 1
[2026.01.29-15:31:26] PlayerState: 1
[2026.01.29-15:31:26] WorldSettings: 1
[2026.01.29-15:31:31] AbstractNavData: 1
[2026.01.29-15:31:31] Actor: 12
[2026.01.29-15:31:31] BP_Background_C: 1
[2026.01.29-15:31:31] BP_DestroyZone_C: 4
[2026.01.29-15:31:31] BP_EnemyActor_C: 3
[2026.01.29-15:31:31] BP_EnemyBullet_C: 68
[2026.01.29-15:31:31] BP_EnemyManager_C: 1
[2026.01.29-15:31:31] BP_MoveZone_C: 4
[2026.01.29-15:31:31] BP_PlayerBullet_C: 18
[2026.01.29-15:31:31] BP_PlayerPawn_C: 1
[2026.01.29-15:31:31] BP_ShootingGameMode_C: 1
[2026.01.29-15:31:31] Brush: 1
[2026.01.29-15:31:31] CameraActor: 1
[2026.01.29-15:31:31] DefaultPhysicsVolume: 1
[2026.01.29-15:31:31] DirectionalLight: 1
[2026.01.29-15:31:31] GameMap_C: 1
[2026.01.29-15:31:31] GameNetworkManager: 1
[2026.01.29-15:31:31] GameplayDebuggerCategoryReplicator: 1
[2026.01.29-15:31:31] GameplayDebuggerPlayerManager: 1
[2026.01.29-15:31:31] GameSession: 1
[2026.01.29-15:31:31] GameStateBase: 1
[2026.01.29-15:31:31] HUD: 1
[2026.01.29-15:31:31] ParticleEventManager: 1
[2026.01.29-15:31:31] PlayerCameraManager: 1
[2026.01.29-15:31:31] PlayerController: 1
[2026.01.29-15:31:31] PlayerStart: 1
[2026.01.29-15:31:31] PlayerState: 1
[2026.01.29-15:31:31] WorldSettings: 1
